<?xml version="1.0" encoding="UTF-8"?>
<testsuite xmlns:xsi="http://www.w3.org/2001/XMLSchema-instance" xsi:noNamespaceSchemaLocation="https://maven.apache.org/surefire/maven-surefire-plugin/xsd/surefire-test-report-3.0.xsd" version="3.0" name="com.epam.ai.demo.runners.RunTestsAT" time="20.236" tests="6" errors="0" skipped="0" failures="2">
  <properties>
[...]
</properties>
  <testcase name="runScenario[&quot;Successful addition of a new pet&quot;, &quot;Add a New Pet to the Pet Store&quot;](1)" classname="com.epam.ai.demo.runners.RunTestsAT" time="6.915">
    <system-out><![CDATA[
Scenario Outline: Successful addition of a new pet                                       # src/test/resources/features/Add a New Pet to the Pet Store.feature:10
  Given I have the details of the pet "100","Tommy","available"                          # com.epam.ai.demo.stepdefinitions.PetStoreSteps.iHaveTheDetailsOfThePet(java.lang.String,java.lang.String,java.lang.String)
Request spec is: io.restassured.internal.RequestSpecificationImpl@30501e60
Request method:	POST
Request URI:	https://petstore.swagger.io/v2/pet
Proxy:			<none>
Request params:	<none>
Query params:	<none>
Form params:	<none>
Path params:	<none>
Headers:		Accept=*/*
				Content-Type=application/json
Cookies:		<none>
Multiparts:		<none>
Body:
{
    "id": 100,
    "name": "Tommy",
    "status": "available"
}
S Code: 200
  When I send a POST request to the "pet" endpoint with the pet's details in JSON format # com.epam.ai.demo.stepdefinitions.PetStoreSteps.i_send_a_post_request_to_the_endpoint_with_the_pet_s_details_in_json_format(java.lang.String)
Status code: 200
Body: {"id":100,"name":"Tommy","photoUrls":[],"tags":[],"status":"available"}
  Then the pet should be added to the store's inventory                                  # com.epam.ai.demo.stepdefinitions.PetStoreSteps.the_pet_should_be_added_to_the_store_s_inventory()
]]></system-out>
    <system-err><![CDATA[SLF4J(W): No SLF4J providers were found.
SLF4J(W): Defaulting to no-operation (NOP) logger implementation
SLF4J(W): See https://www.slf4j.org/codes.html#noProviders for further details.
]]></system-err>
  </testcase>
  <testcase name="runScenario[&quot;Successful addition of a new pet&quot;, &quot;Add a New Pet to the Pet Store&quot;](2)" classname="com.epam.ai.demo.runners.RunTestsAT" time="1.114">
    <system-out><![CDATA[
Scenario Outline: Successful addition of a new pet                                       # src/test/resources/features/Add a New Pet to the Pet Store.feature:11
  Given I have the details of the pet "200","Tommy200","available"                       # com.epam.ai.demo.stepdefinitions.PetStoreSteps.iHaveTheDetailsOfThePet(java.lang.String,java.lang.String,java.lang.String)
Request spec is: io.restassured.internal.RequestSpecificationImpl@39de9bda
Request method:	POST
Request URI:	https://petstore.swagger.io/v2/pet
Proxy:			<none>
Request params:	<none>
Query params:	<none>
Form params:	<none>
Path params:	<none>
Headers:		Accept=*/*
				Content-Type=application/json
Cookies:		<none>
Multiparts:		<none>
Body:
{
    "id": 200,
    "name": "Tommy200",
    "status": "available"
}
S Code: 200
  When I send a POST request to the "pet" endpoint with the pet's details in JSON format # com.epam.ai.demo.stepdefinitions.PetStoreSteps.i_send_a_post_request_to_the_endpoint_with_the_pet_s_details_in_json_format(java.lang.String)
Status code: 200
Body: {"id":200,"name":"Tommy200","photoUrls":[],"tags":[],"status":"available"}
  Then the pet should be added to the store's inventory                                  # com.epam.ai.demo.stepdefinitions.PetStoreSteps.the_pet_should_be_added_to_the_store_s_inventory()
]]></system-out>
  </testcase>
  <testcase name="runScenario[&quot;Verify that a pet can be retrieved by its ID&quot;, &quot;Add a New Pet to the Pet Store&quot;](3)" classname="com.epam.ai.demo.runners.RunTestsAT" time="3.455">
    <system-out><![CDATA[
Scenario Outline: Verify that a pet can be retrieved by its ID                                                 # src/test/resources/features/Add a New Pet to the Pet Store.feature:21
Pet details: ID=300, Name=Tommy1, Status=available
  Given I have the details of the pet "300","Tommy1","available" exists                                        # com.epam.ai.demo.stepdefinitions.PetStoreSteps.i_have_the_details_of_the_pet_exists(java.lang.String,java.lang.String,java.lang.String)
Request spec is: io.restassured.internal.RequestSpecificationImpl@36790bec
Request method:	POST
Request URI:	https://petstore.swagger.io/v2/pet
Proxy:			<none>
Request params:	<none>
Query params:	<none>
Form params:	<none>
Path params:	<none>
Headers:		Accept=*/*
				Content-Type=application/json
Cookies:		<none>
Multiparts:		<none>
Body:
{
    "id": 300,
    "name": "Tommy1",
    "status": "available"
}
S Code: 200
  When I send a POST request to the "pet" endpoint with the pet's details in JSON format                       # com.epam.ai.demo.stepdefinitions.PetStoreSteps.i_send_a_post_request_to_the_endpoint_with_the_pet_s_details_in_json_format(java.lang.String)
Request method:	GET
Request URI:	https://petstore.swagger.io/v2/pet/300
Proxy:			<none>
Request params:	<none>
Query params:	<none>
Form params:	<none>
Path params:	<none>
Headers:		Accept=*/*
				Content-Type=application/json
Cookies:		<none>
Multiparts:		<none>
Body:			<none>
Status Code: 200
  When User retrieves the pet details with ID "300"                                                            # com.epam.ai.demo.stepdefinitions.PetStoreSteps.user_retrieves_the_pet_details_with_id(java.lang.String)
Response Body: {"id":300,"name":"Tommy1","photoUrls":[],"tags":[],"status":"available"}
  Then The API should return a 200 OK response with the pet object that matches the "300","Tommy1","available" # com.epam.ai.demo.stepdefinitions.PetStoreSteps.the_api_should_return_a_200_ok_response_with_the_pet_object_that_matches(java.lang.String,java.lang.String,java.lang.String)
]]></system-out>
  </testcase>
  <testcase name="runScenario[&quot;Verify that a pet can be retrieved by its ID&quot;, &quot;Add a New Pet to the Pet Store&quot;](4)" classname="com.epam.ai.demo.runners.RunTestsAT" time="2.193">
    <system-out><![CDATA[
Scenario Outline: Verify that a pet can be retrieved by its ID                                                   # src/test/resources/features/Add a New Pet to the Pet Store.feature:22
Pet details: ID=400, Name=Tommy201, Status=available
  Given I have the details of the pet "400","Tommy201","available" exists                                        # com.epam.ai.demo.stepdefinitions.PetStoreSteps.i_have_the_details_of_the_pet_exists(java.lang.String,java.lang.String,java.lang.String)
Request spec is: io.restassured.internal.RequestSpecificationImpl@34f7b44f
Request method:	POST
Request URI:	https://petstore.swagger.io/v2/pet
Proxy:			<none>
Request params:	<none>
Query params:	<none>
Form params:	<none>
Path params:	<none>
Headers:		Accept=*/*
				Content-Type=application/json
Cookies:		<none>
Multiparts:		<none>
Body:
{
    "id": 400,
    "name": "Tommy201",
    "status": "available"
}
S Code: 200
  When I send a POST request to the "pet" endpoint with the pet's details in JSON format                         # com.epam.ai.demo.stepdefinitions.PetStoreSteps.i_send_a_post_request_to_the_endpoint_with_the_pet_s_details_in_json_format(java.lang.String)
Request method:	GET
Request URI:	https://petstore.swagger.io/v2/pet/400
Proxy:			<none>
Request params:	<none>
Query params:	<none>
Form params:	<none>
Path params:	<none>
Headers:		Accept=*/*
				Content-Type=application/json
Cookies:		<none>
Multiparts:		<none>
Body:			<none>
Status Code: 200
  When User retrieves the pet details with ID "400"                                                              # com.epam.ai.demo.stepdefinitions.PetStoreSteps.user_retrieves_the_pet_details_with_id(java.lang.String)
Response Body: {"id":400,"name":"Tommy201","photoUrls":[],"tags":[],"status":"available"}
  Then The API should return a 200 OK response with the pet object that matches the "400","Tommy201","available" # com.epam.ai.demo.stepdefinitions.PetStoreSteps.the_api_should_return_a_200_ok_response_with_the_pet_object_that_matches(java.lang.String,java.lang.String,java.lang.String)
]]></system-out>
  </testcase>
  <testcase name="runScenario[&quot;Verify that a pet&apos;s details can be updated by its ID using PUT&quot;, &quot;Add a New Pet to the Pet Store&quot;](5)" classname="com.epam.ai.demo.runners.RunTestsAT" time="2.629">
    <failure message="&apos;void com.fasterxml.jackson.core.JsonParser.assignCurrentValue(java.lang.Object)&apos;" type="java.lang.NoSuchMethodError"><![CDATA[java.lang.NoSuchMethodError: 'void com.fasterxml.jackson.core.JsonParser.assignCurrentValue(java.lang.Object)'
]]></failure>
    <system-out><![CDATA[
Scenario Outline: Verify that a pet's details can be updated by its ID using PUT                                         # src/test/resources/features/Add a New Pet to the Pet Store.feature:32
Pet details: ID=100, Name=Tommy1Updated, Status=sold
  Given I have the details of the pet "100","Tommy1Updated","sold" exists                                                # com.epam.ai.demo.stepdefinitions.PetStoreSteps.i_have_the_details_of_the_pet_exists(java.lang.String,java.lang.String,java.lang.String)
Request method:	PUT
Request URI:	https://petstore.swagger.io/v2/pet
Proxy:			<none>
Request params:	<none>
Query params:	<none>
Form params:	<none>
Path params:	<none>
Headers:		Accept=*/*
				Content-Type=application/json
Cookies:		<none>
Multiparts:		<none>
Body:
{
    "id": 100,
    "name": "Tommy1Updated",
    "status": "sold"
}
Status Code: 200
  When I send a PUT request to the "pet" endpoint with the pet's updated details in JSON format                          # com.epam.ai.demo.stepdefinitions.PetStoreSteps.i_send_a_put_request_to_the_endpoint_with_the_pet_s_updated_details_in_json_format(java.lang.String)
Request method:	GET
Request URI:	https://petstore.swagger.io/v2/pet/100
Proxy:			<none>
Request params:	<none>
Query params:	<none>
Form params:	<none>
Path params:	<none>
Headers:		Accept=*/*
				Content-Type=application/json
Cookies:		<none>
Multiparts:		<none>
Body:			<none>
Status Code: 200
  When User retrieves the pet details with ID "100"                                                                      # com.epam.ai.demo.stepdefinitions.PetStoreSteps.user_retrieves_the_pet_details_with_id(java.lang.String)
  Then The API should return a 200 OK response with the updated pet object that matches the "100","Tommy1Updated","sold" # com.epam.ai.demo.stepdefinitions.PetStoreSteps.the_api_should_return_a_200_ok_response_with_the_updated_pet_object_that_matches(java.lang.String,java.lang.String,java.lang.String)
      java.lang.NoSuchMethodError: 'void com.fasterxml.jackson.core.JsonParser.assignCurrentValue(java.lang.Object)'
	at com.fasterxml.jackson.databind.deser.BeanDeserializer.vanillaDeserialize(BeanDeserializer.java:302)
	at com.fasterxml.jackson.databind.deser.BeanDeserializer.deserialize(BeanDeserializer.java:177)
	at com.fasterxml.jackson.databind.deser.DefaultDeserializationContext.readRootValue(DefaultDeserializationContext.java:342)
	at com.fasterxml.jackson.databind.ObjectMapper._readMapAndClose(ObjectMapper.java:4905)
	at com.fasterxml.jackson.databind.ObjectMapper.readValue(ObjectMapper.java:3848)
	at io.restassured.internal.path.json.mapping.JsonPathJackson2ObjectDeserializer.deserialize(JsonPathJackson2ObjectDeserializer.java:28)
	at io.restassured.path.json.mapping.JsonPathObjectDeserializer$deserialize.call(Unknown Source)
	at org.codehaus.groovy.runtime.callsite.CallSiteArray.defaultCall(CallSiteArray.java:45)
	at org.codehaus.groovy.runtime.callsite.AbstractCallSite.call(AbstractCallSite.java:125)
	at org.codehaus.groovy.runtime.callsite.AbstractCallSite.call(AbstractCallSite.java:139)
	at io.restassured.internal.mapping.Jackson2Mapper.deserialize(Jackson2Mapper.groovy:58)
	at io.restassured.mapper.ObjectMapper$deserialize.call(Unknown Source)
	at org.codehaus.groovy.runtime.callsite.CallSiteArray.defaultCall(CallSiteArray.java:45)
	at org.codehaus.groovy.runtime.callsite.AbstractCallSite.call(AbstractCallSite.java:125)
	at org.codehaus.groovy.runtime.callsite.AbstractCallSite.call(AbstractCallSite.java:139)
	at io.restassured.internal.mapping.ObjectMapping.parseWithJackson2(ObjectMapping.groovy:254)
	at io.restassured.internal.mapping.ObjectMapping$parseWithJackson2$0.callStatic(Unknown Source)
	at org.codehaus.groovy.runtime.callsite.CallSiteArray.defaultCallStatic(CallSiteArray.java:53)
	at org.codehaus.groovy.runtime.callsite.AbstractCallSite.callStatic(AbstractCallSite.java:217)
	at org.codehaus.groovy.runtime.callsite.AbstractCallSite.callStatic(AbstractCallSite.java:240)
	at io.restassured.internal.mapping.ObjectMapping.deserialize(ObjectMapping.groovy:56)
	at io.restassured.internal.mapping.ObjectMapping$deserialize.call(Unknown Source)
	at org.codehaus.groovy.runtime.callsite.CallSiteArray.defaultCall(CallSiteArray.java:45)
	at org.codehaus.groovy.runtime.callsite.AbstractCallSite.call(AbstractCallSite.java:125)
	at io.restassured.internal.RestAssuredResponseOptionsGroovyImpl.as(RestAssuredResponseOptionsGroovyImpl.groovy:229)
	at io.restassured.internal.RestAssuredResponseOptionsImpl.as(RestAssuredResponseOptionsImpl.java:169)
	at com.epam.ai.demo.stepdefinitions.PetStoreSteps.the_api_should_return_a_200_ok_response_with_the_updated_pet_object_that_matches(PetStoreSteps.java:91)
	at ✽.The API should return a 200 OK response with the updated pet object that matches the "100","Tommy1Updated","sold"(file:///C:/Taas/EliteA/JavaFramework/aqa-java-api-framework/src/test/resources/features/Add%20a%20New%20Pet%20to%20the%20Pet%20Store.feature:28)

]]></system-out>
  </testcase>
  <testcase name="runScenario[&quot;Verify that a pet&apos;s details can be updated by its ID using PUT&quot;, &quot;Add a New Pet to the Pet Store&quot;](6)" classname="com.epam.ai.demo.runners.RunTestsAT" time="2.148">
    <failure message="&apos;void com.fasterxml.jackson.core.JsonParser.assignCurrentValue(java.lang.Object)&apos;" type="java.lang.NoSuchMethodError"><![CDATA[java.lang.NoSuchMethodError: 'void com.fasterxml.jackson.core.JsonParser.assignCurrentValue(java.lang.Object)'
]]></failure>
    <system-out><![CDATA[
Scenario Outline: Verify that a pet's details can be updated by its ID using PUT                                              # src/test/resources/features/Add a New Pet to the Pet Store.feature:33
Pet details: ID=200, Name=Tommy201Updated, Status=pending
  Given I have the details of the pet "200","Tommy201Updated","pending" exists                                                # com.epam.ai.demo.stepdefinitions.PetStoreSteps.i_have_the_details_of_the_pet_exists(java.lang.String,java.lang.String,java.lang.String)
Request method:	PUT
Request URI:	https://petstore.swagger.io/v2/pet
Proxy:			<none>
Request params:	<none>
Query params:	<none>
Form params:	<none>
Path params:	<none>
Headers:		Accept=*/*
				Content-Type=application/json
Cookies:		<none>
Multiparts:		<none>
Body:
{
    "id": 200,
    "name": "Tommy201Updated",
    "status": "pending"
}
Status Code: 200
  When I send a PUT request to the "pet" endpoint with the pet's updated details in JSON format                               # com.epam.ai.demo.stepdefinitions.PetStoreSteps.i_send_a_put_request_to_the_endpoint_with_the_pet_s_updated_details_in_json_format(java.lang.String)
Request method:	GET
Request URI:	https://petstore.swagger.io/v2/pet/200
Proxy:			<none>
Request params:	<none>
Query params:	<none>
Form params:	<none>
Path params:	<none>
Headers:		Accept=*/*
				Content-Type=application/json
Cookies:		<none>
Multiparts:		<none>
Body:			<none>
Status Code: 200
  When User retrieves the pet details with ID "200"                                                                           # com.epam.ai.demo.stepdefinitions.PetStoreSteps.user_retrieves_the_pet_details_with_id(java.lang.String)
  Then The API should return a 200 OK response with the updated pet object that matches the "200","Tommy201Updated","pending" # com.epam.ai.demo.stepdefinitions.PetStoreSteps.the_api_should_return_a_200_ok_response_with_the_updated_pet_object_that_matches(java.lang.String,java.lang.String,java.lang.String)
      java.lang.NoSuchMethodError: 'void com.fasterxml.jackson.core.JsonParser.assignCurrentValue(java.lang.Object)'
	at com.fasterxml.jackson.databind.deser.BeanDeserializer.vanillaDeserialize(BeanDeserializer.java:302)
	at com.fasterxml.jackson.databind.deser.BeanDeserializer.deserialize(BeanDeserializer.java:177)
	at com.fasterxml.jackson.databind.deser.DefaultDeserializationContext.readRootValue(DefaultDeserializationContext.java:342)
	at com.fasterxml.jackson.databind.ObjectMapper._readMapAndClose(ObjectMapper.java:4905)
	at com.fasterxml.jackson.databind.ObjectMapper.readValue(ObjectMapper.java:3848)
	at io.restassured.internal.path.json.mapping.JsonPathJackson2ObjectDeserializer.deserialize(JsonPathJackson2ObjectDeserializer.java:28)
	at io.restassured.path.json.mapping.JsonPathObjectDeserializer$deserialize.call(Unknown Source)
	at io.restassured.internal.mapping.Jackson2Mapper.deserialize(Jackson2Mapper.groovy:58)
	at io.restassured.mapper.ObjectMapper$deserialize.call(Unknown Source)
	at io.restassured.internal.mapping.ObjectMapping.parseWithJackson2(ObjectMapping.groovy:254)
	at io.restassured.internal.mapping.ObjectMapping$parseWithJackson2$0.callStatic(Unknown Source)
	at io.restassured.internal.mapping.ObjectMapping.deserialize(ObjectMapping.groovy:56)
	at io.restassured.internal.mapping.ObjectMapping$deserialize.call(Unknown Source)
	at io.restassured.internal.RestAssuredResponseOptionsGroovyImpl.as(RestAssuredResponseOptionsGroovyImpl.groovy:229)
	at io.restassured.internal.RestAssuredResponseOptionsImpl.as(RestAssuredResponseOptionsImpl.java:169)
	at com.epam.ai.demo.stepdefinitions.PetStoreSteps.the_api_should_return_a_200_ok_response_with_the_updated_pet_object_that_matches(PetStoreSteps.java:91)
	at ✽.The API should return a 200 OK response with the updated pet object that matches the "200","Tommy201Updated","pending"(file:///C:/Taas/EliteA/JavaFramework/aqa-java-api-framework/src/test/resources/features/Add%20a%20New%20Pet%20to%20the%20Pet%20Store.feature:28)

]]></system-out>
  </testcase>
</testsuite>