<?xml version="1.0" encoding="UTF-8"?>
<testng-results ignored="0" total="6" passed="4" failed="2" skipped="0">
  <reporter-output>
  </reporter-output>
  <suite started-at="2024-10-03T15:41:57 IST" name="Surefire suite" finished-at="2024-10-03T15:42:17 IST" duration-ms="19212">
    <groups>
      <group name="cucumber">
        <method signature="AbstractTestNGCucumberTests.runScenario(io.cucumber.testng.PickleWrapper,io.cucumber.testng.FeatureWrapper)[pri:0, instance:com.epam.ai.demo.runners.RunTestsAT@769e7ee8]" name="runScenario" class="io.cucumber.testng.AbstractTestNGCucumberTests"/>
      </group> <!-- cucumber -->
    </groups>
    <test started-at="2024-10-03T15:41:57 IST" name="Surefire test" finished-at="2024-10-03T15:42:17 IST" duration-ms="19212">
      <class name="com.epam.ai.demo.runners.RunTestsAT">
        <test-method is-config="true" signature="setUpClass(org.testng.ITestContext)[pri:0, instance:com.epam.ai.demo.runners.RunTestsAT@769e7ee8]" started-at="2024-10-03T15:41:57 IST" name="setUpClass" finished-at="2024-10-03T15:41:58 IST" duration-ms="568" status="PASS">
          <params>
            <param index="0">
              <value>
                <![CDATA[org.testng.TestRunner@13a268cd]]>
              </value>
            </param>
          </params>
          <reporter-output>
          </reporter-output>
        </test-method> <!-- setUpClass -->
        <test-method signature="runScenario(io.cucumber.testng.PickleWrapper,io.cucumber.testng.FeatureWrapper)[pri:0, instance:com.epam.ai.demo.runners.RunTestsAT@769e7ee8]" started-at="2024-10-03T15:41:58 IST" name="runScenario" description="Runs Cucumber Scenarios" data-provider="scenarios" finished-at="2024-10-03T15:42:05 IST" duration-ms="6895" status="PASS">
          <params>
            <param index="0">
              <value>
                <![CDATA["Successful addition of a new pet"]]>
              </value>
            </param>
            <param index="1">
              <value>
                <![CDATA["Add a New Pet to the Pet Store"]]>
              </value>
            </param>
          </params>
          <reporter-output>
          </reporter-output>
        </test-method> <!-- runScenario -->
        <test-method signature="runScenario(io.cucumber.testng.PickleWrapper,io.cucumber.testng.FeatureWrapper)[pri:0, instance:com.epam.ai.demo.runners.RunTestsAT@769e7ee8]" started-at="2024-10-03T15:42:05 IST" name="runScenario" description="Runs Cucumber Scenarios" data-provider="scenarios" finished-at="2024-10-03T15:42:06 IST" duration-ms="1155" status="PASS">
          <params>
            <param index="0">
              <value>
                <![CDATA["Successful addition of a new pet"]]>
              </value>
            </param>
            <param index="1">
              <value>
                <![CDATA["Add a New Pet to the Pet Store"]]>
              </value>
            </param>
          </params>
          <reporter-output>
          </reporter-output>
        </test-method> <!-- runScenario -->
        <test-method signature="runScenario(io.cucumber.testng.PickleWrapper,io.cucumber.testng.FeatureWrapper)[pri:0, instance:com.epam.ai.demo.runners.RunTestsAT@769e7ee8]" started-at="2024-10-03T15:42:06 IST" name="runScenario" description="Runs Cucumber Scenarios" data-provider="scenarios" finished-at="2024-10-03T15:42:10 IST" duration-ms="3426" status="PASS">
          <params>
            <param index="0">
              <value>
                <![CDATA["Verify that a pet can be retrieved by its ID"]]>
              </value>
            </param>
            <param index="1">
              <value>
                <![CDATA["Add a New Pet to the Pet Store"]]>
              </value>
            </param>
          </params>
          <reporter-output>
          </reporter-output>
        </test-method> <!-- runScenario -->
        <test-method signature="runScenario(io.cucumber.testng.PickleWrapper,io.cucumber.testng.FeatureWrapper)[pri:0, instance:com.epam.ai.demo.runners.RunTestsAT@769e7ee8]" started-at="2024-10-03T15:42:10 IST" name="runScenario" description="Runs Cucumber Scenarios" data-provider="scenarios" finished-at="2024-10-03T15:42:12 IST" duration-ms="2217" status="PASS">
          <params>
            <param index="0">
              <value>
                <![CDATA["Verify that a pet can be retrieved by its ID"]]>
              </value>
            </param>
            <param index="1">
              <value>
                <![CDATA["Add a New Pet to the Pet Store"]]>
              </value>
            </param>
          </params>
          <reporter-output>
          </reporter-output>
        </test-method> <!-- runScenario -->
        <test-method signature="runScenario(io.cucumber.testng.PickleWrapper,io.cucumber.testng.FeatureWrapper)[pri:0, instance:com.epam.ai.demo.runners.RunTestsAT@769e7ee8]" started-at="2024-10-03T15:42:12 IST" name="runScenario" description="Runs Cucumber Scenarios" data-provider="scenarios" finished-at="2024-10-03T15:42:14 IST" duration-ms="2619" status="FAIL">
          <params>
            <param index="0">
              <value>
                <![CDATA["Verify that a pet's details can be updated by its ID using PUT"]]>
              </value>
            </param>
            <param index="1">
              <value>
                <![CDATA["Add a New Pet to the Pet Store"]]>
              </value>
            </param>
          </params>
          <exception class="java.lang.NoSuchMethodError">
            <message>
              <![CDATA['void com.fasterxml.jackson.core.JsonParser.assignCurrentValue(java.lang.Object)']]>
            </message>
            <full-stacktrace>
              <![CDATA[java.lang.NoSuchMethodError: 'void com.fasterxml.jackson.core.JsonParser.assignCurrentValue(java.lang.Object)'
at com.fasterxml.jackson.databind.deser.BeanDeserializer.vanillaDeserialize(BeanDeserializer.java:302)
at com.fasterxml.jackson.databind.deser.BeanDeserializer.deserialize(BeanDeserializer.java:177)
at com.fasterxml.jackson.databind.deser.DefaultDeserializationContext.readRootValue(DefaultDeserializationContext.java:342)
at com.fasterxml.jackson.databind.ObjectMapper._readMapAndClose(ObjectMapper.java:4905)
at com.fasterxml.jackson.databind.ObjectMapper.readValue(ObjectMapper.java:3848)
at io.restassured.internal.path.json.mapping.JsonPathJackson2ObjectDeserializer.deserialize(JsonPathJackson2ObjectDeserializer.java:28)
at io.restassured.path.json.mapping.JsonPathObjectDeserializer$deserialize.call(Unknown Source)
at org.codehaus.groovy.runtime.callsite.CallSiteArray.defaultCall(CallSiteArray.java:45)
at org.codehaus.groovy.runtime.callsite.AbstractCallSite.call(AbstractCallSite.java:125)
at org.codehaus.groovy.runtime.callsite.AbstractCallSite.call(AbstractCallSite.java:139)
at io.restassured.internal.mapping.Jackson2Mapper.deserialize(Jackson2Mapper.groovy:58)
at io.restassured.mapper.ObjectMapper$deserialize.call(Unknown Source)
at org.codehaus.groovy.runtime.callsite.CallSiteArray.defaultCall(CallSiteArray.java:45)
at org.codehaus.groovy.runtime.callsite.AbstractCallSite.call(AbstractCallSite.java:125)
at org.codehaus.groovy.runtime.callsite.AbstractCallSite.call(AbstractCallSite.java:139)
at io.restassured.internal.mapping.ObjectMapping.parseWithJackson2(ObjectMapping.groovy:254)
at io.restassured.internal.mapping.ObjectMapping$parseWithJackson2$0.callStatic(Unknown Source)
at org.codehaus.groovy.runtime.callsite.CallSiteArray.defaultCallStatic(CallSiteArray.java:53)
at org.codehaus.groovy.runtime.callsite.AbstractCallSite.callStatic(AbstractCallSite.java:217)
at org.codehaus.groovy.runtime.callsite.AbstractCallSite.callStatic(AbstractCallSite.java:240)
at io.restassured.internal.mapping.ObjectMapping.deserialize(ObjectMapping.groovy:56)
at io.restassured.internal.mapping.ObjectMapping$deserialize.call(Unknown Source)
at org.codehaus.groovy.runtime.callsite.CallSiteArray.defaultCall(CallSiteArray.java:45)
at org.codehaus.groovy.runtime.callsite.AbstractCallSite.call(AbstractCallSite.java:125)
at io.restassured.internal.RestAssuredResponseOptionsGroovyImpl.as(RestAssuredResponseOptionsGroovyImpl.groovy:229)
at io.restassured.internal.RestAssuredResponseOptionsImpl.as(RestAssuredResponseOptionsImpl.java:169)
at com.epam.ai.demo.stepdefinitions.PetStoreSteps.the_api_should_return_a_200_ok_response_with_the_updated_pet_object_that_matches(PetStoreSteps.java:91)
at ✽.The API should return a 200 OK response with the updated pet object that matches the "100","Tommy1Updated","sold"(file:///C:/Taas/EliteA/JavaFramework/aqa-java-api-framework/src/test/resources/features/Add%20a%20New%20Pet%20to%20the%20Pet%20Store.feature:28)
]]>
            </full-stacktrace>
          </exception> <!-- java.lang.NoSuchMethodError -->
          <reporter-output>
          </reporter-output>
        </test-method> <!-- runScenario -->
        <test-method signature="runScenario(io.cucumber.testng.PickleWrapper,io.cucumber.testng.FeatureWrapper)[pri:0, instance:com.epam.ai.demo.runners.RunTestsAT@769e7ee8]" started-at="2024-10-03T15:42:14 IST" name="runScenario" description="Runs Cucumber Scenarios" data-provider="scenarios" finished-at="2024-10-03T15:42:17 IST" duration-ms="2152" status="FAIL">
          <params>
            <param index="0">
              <value>
                <![CDATA["Verify that a pet's details can be updated by its ID using PUT"]]>
              </value>
            </param>
            <param index="1">
              <value>
                <![CDATA["Add a New Pet to the Pet Store"]]>
              </value>
            </param>
          </params>
          <exception class="java.lang.NoSuchMethodError">
            <message>
              <![CDATA['void com.fasterxml.jackson.core.JsonParser.assignCurrentValue(java.lang.Object)']]>
            </message>
            <full-stacktrace>
              <![CDATA[java.lang.NoSuchMethodError: 'void com.fasterxml.jackson.core.JsonParser.assignCurrentValue(java.lang.Object)'
at com.fasterxml.jackson.databind.deser.BeanDeserializer.vanillaDeserialize(BeanDeserializer.java:302)
at com.fasterxml.jackson.databind.deser.BeanDeserializer.deserialize(BeanDeserializer.java:177)
at com.fasterxml.jackson.databind.deser.DefaultDeserializationContext.readRootValue(DefaultDeserializationContext.java:342)
at com.fasterxml.jackson.databind.ObjectMapper._readMapAndClose(ObjectMapper.java:4905)
at com.fasterxml.jackson.databind.ObjectMapper.readValue(ObjectMapper.java:3848)
at io.restassured.internal.path.json.mapping.JsonPathJackson2ObjectDeserializer.deserialize(JsonPathJackson2ObjectDeserializer.java:28)
at io.restassured.path.json.mapping.JsonPathObjectDeserializer$deserialize.call(Unknown Source)
at io.restassured.internal.mapping.Jackson2Mapper.deserialize(Jackson2Mapper.groovy:58)
at io.restassured.mapper.ObjectMapper$deserialize.call(Unknown Source)
at io.restassured.internal.mapping.ObjectMapping.parseWithJackson2(ObjectMapping.groovy:254)
at io.restassured.internal.mapping.ObjectMapping$parseWithJackson2$0.callStatic(Unknown Source)
at io.restassured.internal.mapping.ObjectMapping.deserialize(ObjectMapping.groovy:56)
at io.restassured.internal.mapping.ObjectMapping$deserialize.call(Unknown Source)
at io.restassured.internal.RestAssuredResponseOptionsGroovyImpl.as(RestAssuredResponseOptionsGroovyImpl.groovy:229)
at io.restassured.internal.RestAssuredResponseOptionsImpl.as(RestAssuredResponseOptionsImpl.java:169)
at com.epam.ai.demo.stepdefinitions.PetStoreSteps.the_api_should_return_a_200_ok_response_with_the_updated_pet_object_that_matches(PetStoreSteps.java:91)
at ✽.The API should return a 200 OK response with the updated pet object that matches the "200","Tommy201Updated","pending"(file:///C:/Taas/EliteA/JavaFramework/aqa-java-api-framework/src/test/resources/features/Add%20a%20New%20Pet%20to%20the%20Pet%20Store.feature:28)
]]>
            </full-stacktrace>
          </exception> <!-- java.lang.NoSuchMethodError -->
          <reporter-output>
          </reporter-output>
        </test-method> <!-- runScenario -->
        <test-method is-config="true" signature="tearDownClass()[pri:0, instance:com.epam.ai.demo.runners.RunTestsAT@769e7ee8]" started-at="2024-10-03T15:42:17 IST" name="tearDownClass" finished-at="2024-10-03T15:42:17 IST" duration-ms="68" status="PASS">
          <reporter-output>
          </reporter-output>
        </test-method> <!-- tearDownClass -->
      </class> <!-- com.epam.ai.demo.runners.RunTestsAT -->
    </test> <!-- Surefire test -->
  </suite> <!-- Surefire suite -->
</testng-results>
